<?xml version="1.0" encoding="UTF-8"?>
<!-- Generated by org.testng.reporters.JUnitXMLReporter -->
<testsuite ignored="1" hostname="Basavaraj" failures="0" tests="1" name="Default test(failed)" time="33.458" errors="0" timestamp="2021-06-16T18:01:33 IST">
  <testcase classname="com.naukri.qa.pagetests.JobesPageTest" name="@BeforeMethod setup" time="33.262">
    <failure type="org.openqa.selenium.TimeoutException" message="timeout: Timed out receiving message from renderer: 19.134
  (Session info: chrome=91.0.4472.106)
Build info: version: &amp;apos;4.0.0-beta-3&amp;apos;, revision: &amp;apos;5d108f9a67&amp;apos;
System info: host: &amp;apos;BASAVARAJ&amp;apos;, ip: &amp;apos;169.254.137.4&amp;apos;, os.name: &amp;apos;Windows 10&amp;apos;, os.arch: &amp;apos;amd64&amp;apos;, os.version: &amp;apos;10.0&amp;apos;, java.version: &amp;apos;11.0.11&amp;apos;
Driver info: org.openqa.selenium.chrome.ChromeDriver
Command: [ba08e54e6e5959c4e89e4a20116d5a59, get {url=https://www.naukri.com/}]
Capabilities {acceptInsecureCerts: false, browserName: chrome, browserVersion: 91.0.4472.106, chrome: {chromedriverVersion: 91.0.4472.101 (af52a90bf870..., userDataDir: C:\Users\HP\AppData\Local\T...}, goog:chromeOptions: {debuggerAddress: localhost:13498}, javascriptEnabled: true, networkConnectionEnabled: false, pageLoadStrategy: normal, platform: WINDOWS, platformName: WINDOWS, proxy: Proxy(), se:cdp: ws://localhost:13498/devtoo..., se:cdpVersion: 91.0.4472.106, setWindowRect: true, strictFileInteractability: false, timeouts: {implicit: 0, pageLoad: 300000, script: 30000}, unhandledPromptBehavior: dismiss and notify, webauthn:extension:largeBlob: true, webauthn:virtualAuthenticators: true}
Session ID: ba08e54e6e5959c4e89e4a20116d5a59">
      <![CDATA[org.openqa.selenium.TimeoutException: timeout: Timed out receiving message from renderer: 19.134
  (Session info: chrome=91.0.4472.106)
Build info: version: '4.0.0-beta-3', revision: '5d108f9a67'
System info: host: 'BASAVARAJ', ip: '169.254.137.4', os.name: 'Windows 10', os.arch: 'amd64', os.version: '10.0', java.version: '11.0.11'
Driver info: org.openqa.selenium.chrome.ChromeDriver
Command: [ba08e54e6e5959c4e89e4a20116d5a59, get {url=https://www.naukri.com/}]
Capabilities {acceptInsecureCerts: false, browserName: chrome, browserVersion: 91.0.4472.106, chrome: {chromedriverVersion: 91.0.4472.101 (af52a90bf870..., userDataDir: C:\Users\HP\AppData\Local\T...}, goog:chromeOptions: {debuggerAddress: localhost:13498}, javascriptEnabled: true, networkConnectionEnabled: false, pageLoadStrategy: normal, platform: WINDOWS, platformName: WINDOWS, proxy: Proxy(), se:cdp: ws://localhost:13498/devtoo..., se:cdpVersion: 91.0.4472.106, setWindowRect: true, strictFileInteractability: false, timeouts: {implicit: 0, pageLoad: 300000, script: 30000}, unhandledPromptBehavior: dismiss and notify, webauthn:extension:largeBlob: true, webauthn:virtualAuthenticators: true}
Session ID: ba08e54e6e5959c4e89e4a20116d5a59
at org.openqa.selenium.remote.codec.w3c.W3CHttpResponseCodec.createException(W3CHttpResponseCodec.java:198)
at org.openqa.selenium.remote.codec.w3c.W3CHttpResponseCodec.decode(W3CHttpResponseCodec.java:131)
at org.openqa.selenium.remote.codec.w3c.W3CHttpResponseCodec.decode(W3CHttpResponseCodec.java:52)
at org.openqa.selenium.remote.HttpCommandExecutor.execute(HttpCommandExecutor.java:184)
at org.openqa.selenium.remote.service.DriverCommandExecutor.invokeExecute(DriverCommandExecutor.java:153)
at org.openqa.selenium.remote.service.DriverCommandExecutor.execute(DriverCommandExecutor.java:128)
at org.openqa.selenium.remote.RemoteWebDriver.execute(RemoteWebDriver.java:619)
at org.openqa.selenium.remote.RemoteWebDriver.get(RemoteWebDriver.java:333)
at com.naukri.qa.base.BaseComn.initialization(BaseComn.java:61)
at com.naukri.qa.pagetests.JobesPageTest.setup(JobesPageTest.java:20)
at java.base/java.util.ArrayList.forEach(ArrayList.java:1541)
... Removed 35 stack frames]]>
    </failure>
  </testcase> <!-- @BeforeMethod setup -->
  <testcase classname="com.naukri.qa.pagetests.JobesPageTest" name="clickOnEditProfileLinkTest" time="0.0">
    <skipped/>
  </testcase> <!-- clickOnEditProfileLinkTest -->
  <testcase classname="com.naukri.qa.pagetests.JobesPageTest" name="validateJobesPageLinkTest" time="0.0">
    <ignored/>
  </testcase> <!-- validateJobesPageLinkTest -->
</testsuite> <!-- Default test(failed) -->
